Using pre-set license
Built from '2020.2/release' branch; Version is '2020.2.1f1 (270dd8c3da1c) revision 2559448'; Using compiler version '192528614'; Build Type 'Release'
OS: 'Windows 10  (10.0.0) 64bit' Language: 'en' Physical Memory: 7983 MB
BatchMode: 1, IsHumanControllingUs: 0, StartBugReporterOnCrash: 0, Is64bit: 1, IsPro: 0

 COMMAND LINE ARGUMENTS:
C:\Program Files\Unity\Hub\Editor\2020.2.1f1\Editor\Unity.exe
-adb2
-batchMode
-noUpm
-name
AssetImportWorker0
-projectPath
C:/Users/Fayet/Documents/GitHub/TrainShelter/train shelter
-logFile
Logs/AssetImportWorker0.log
-srvPort
50323
Successfully changed project path to: C:/Users/Fayet/Documents/GitHub/TrainShelter/train shelter
C:/Users/Fayet/Documents/GitHub/TrainShelter/train shelter
Using Asset Import Pipeline V2.
Refreshing native plugins compatible for Editor in 69.98 ms, found 1 plugins.
Preloading 0 native plugins for Editor in 0.00 ms.
Initialize engine version: 2020.2.1f1 (270dd8c3da1c)
[Subsystems] Discovering subsystems at path C:/Program Files/Unity/Hub/Editor/2020.2.1f1/Editor/Data/Resources/UnitySubsystems
[Subsystems] Discovering subsystems at path C:/Users/Fayet/Documents/GitHub/TrainShelter/train shelter/Assets
GfxDevice: creating device client; threaded=0
Direct3D:
    Version:  Direct3D 11.0 [level 10.0]
    Renderer: Intel(R) HD Graphics (ID=0x46)
    Vendor:   
    VRAM:     128 MB
    Driver:   8.15.10.2900
Initialize mono
Mono path[0] = 'C:/Program Files/Unity/Hub/Editor/2020.2.1f1/Editor/Data/Managed'
Mono path[1] = 'C:/Program Files/Unity/Hub/Editor/2020.2.1f1/Editor/Data/MonoBleedingEdge/lib/mono/unityjit'
Mono config path = 'C:/Program Files/Unity/Hub/Editor/2020.2.1f1/Editor/Data/MonoBleedingEdge/etc'
Using monoOptions --debugger-agent=transport=dt_socket,embedding=1,server=y,suspend=n,address=127.0.0.1:56832
Begin MonoManager ReloadAssembly
Registering precompiled unity dll's ...
Register platform support module: C:/Program Files/Unity/Hub/Editor/2020.2.1f1/Editor/Data/PlaybackEngines/WebGLSupport/UnityEditor.WebGL.Extensions.dll
Register platform support module: C:/Program Files/Unity/Hub/Editor/2020.2.1f1/Editor/Data/PlaybackEngines/WindowsStandaloneSupport/UnityEditor.WindowsStandalone.Extensions.dll
Registered in 0.007142 seconds.
Native extension for WindowsStandalone target not found
Native extension for WebGL target not found
Refreshing native plugins compatible for Editor in 80.70 ms, found 1 plugins.
Preloading 0 native plugins for Editor in 0.00 ms.
Invoked RoslynAnalysisRunner static constructor.
RoslynAnalysisRunner will not be running.
RoslynAnalysisRunner has terminated.
Mono: successfully reloaded assembly
- Completed reload, in  4.411 seconds
Platform modules already initialized, skipping
Registering precompiled user dll's ...
Registered in 0.002039 seconds.
Begin MonoManager ReloadAssembly
Native extension for WindowsStandalone target not found
Native extension for WebGL target not found
Refreshing native plugins compatible for Editor in 147.81 ms, found 1 plugins.
Preloading 0 native plugins for Editor in 0.00 ms.
Invoked RoslynAnalysisRunner static constructor.
RoslynAnalysisRunner will not be running.
RoslynAnalysisRunner has terminated.
Mono: successfully reloaded assembly
- Completed reload, in  3.755 seconds
Platform modules already initialized, skipping
========================================================================
Worker process is ready to serve import requests
Launched and connected shader compiler UnityShaderCompiler.exe after 0.07 seconds
Refreshing native plugins compatible for Editor in 0.86 ms, found 1 plugins.
Preloading 0 native plugins for Editor in 0.00 ms.
Unloading 1812 Unused Serialized files (Serialized files now loaded: 0)
System memory in use before: 85.9 MB.
System memory in use after: 85.9 MB.

Unloading 24 unused Assets to reduce memory usage. Loaded Objects now: 2251.
Total: 6.429300 ms (FindLiveObjects: 0.695000 ms CreateObjectMapping: 0.152200 ms MarkObjects: 5.246000 ms  DeleteObjects: 0.332600 ms)

========================================================================
Received Import Request.
  path: Assets/UICarriage.cs
  artifactKey: Guid(6c49da3b0699bf04ab8570f8626c0eb3) Importer(815301076,1909f56bfc062723c751e8b465ee728b)
Start importing Assets/UICarriage.cs using Guid(6c49da3b0699bf04ab8570f8626c0eb3) Importer(815301076,1909f56bfc062723c751e8b465ee728b)  -> (artifact id: '7aef9208639297c36123bee35e79eb1b') in 0.162686 seconds
  Import took 0.172119 seconds .

========================================================================
Received Import Request.
  Time since last request: 0.000508 seconds.
  path: Assets/Carriage.cs
  artifactKey: Guid(198a93dc872330f409e3dc7136b102f6) Importer(815301076,1909f56bfc062723c751e8b465ee728b)
Start importing Assets/Carriage.cs using Guid(198a93dc872330f409e3dc7136b102f6) Importer(815301076,1909f56bfc062723c751e8b465ee728b)  -> (artifact id: '0ba173b1ba4da6b75d6db9c97af0590f') in 0.045088 seconds
  Import took 0.090914 seconds .

========================================================================
Received Import Request.
  Time since last request: 0.000732 seconds.
  path: Assets/Carriage.prefab
  artifactKey: Guid(0d77138d165bbb2408c7f45c0a619b87) Importer(815301076,1909f56bfc062723c751e8b465ee728b)
Start importing Assets/Carriage.prefab using Guid(0d77138d165bbb2408c7f45c0a619b87) Importer(815301076,1909f56bfc062723c751e8b465ee728b)  -> (artifact id: 'b82290e10c02b53325e4348ef3ed800d') in 0.639890 seconds
  Import took 0.656968 seconds .

========================================================================
Received Import Request.
  Time since last request: 58.304155 seconds.
  path: Assets/UICarriage.cs
  artifactKey: Guid(6c49da3b0699bf04ab8570f8626c0eb3) Importer(815301076,1909f56bfc062723c751e8b465ee728b)
Start importing Assets/UICarriage.cs using Guid(6c49da3b0699bf04ab8570f8626c0eb3) Importer(815301076,1909f56bfc062723c751e8b465ee728b)  -> (artifact id: '7dcf20710cf8a2e81611be3c4cf0af3b') in 0.020821 seconds
  Import took 0.029931 seconds .

========================================================================
Received Import Request.
  Time since last request: 21.439484 seconds.
  path: Assets/UI/Component.prefab
  artifactKey: Guid(e3cfc6dfbd8fee7439a9fa8c6711c6aa) Importer(815301076,1909f56bfc062723c751e8b465ee728b)
Start importing Assets/UI/Component.prefab using Guid(e3cfc6dfbd8fee7439a9fa8c6711c6aa) Importer(815301076,1909f56bfc062723c751e8b465ee728b)  -> (artifact id: '460d5d3bb035dc1932060bc962dba5f4') in 0.100262 seconds
  Import took 0.106746 seconds .

========================================================================
Received Prepare
Registering precompiled user dll's ...
Registered in 0.002177 seconds.
Begin MonoManager ReloadAssembly
Native extension for WindowsStandalone target not found
Native extension for WebGL target not found
Refreshing native plugins compatible for Editor in 0.86 ms, found 1 plugins.
Preloading 0 native plugins for Editor in 0.00 ms.
Invoked RoslynAnalysisRunner static constructor.
RoslynAnalysisRunner will not be running.
RoslynAnalysisRunner has terminated.
Mono: successfully reloaded assembly
- Completed reload, in  1.691 seconds
Platform modules already initialized, skipping
Refreshing native plugins compatible for Editor in 1.07 ms, found 1 plugins.
Preloading 0 native plugins for Editor in 0.00 ms.
Unloading 1796 Unused Serialized files (Serialized files now loaded: 0)
System memory in use before: 85.2 MB.
System memory in use after: 85.2 MB.

Unloading 13 unused Assets to reduce memory usage. Loaded Objects now: 2254.
Total: 5.311600 ms (FindLiveObjects: 0.367900 ms CreateObjectMapping: 0.107800 ms MarkObjects: 4.615200 ms  DeleteObjects: 0.217200 ms)

========================================================================
Received Prepare
Registering precompiled user dll's ...
Registered in 0.001770 seconds.
Begin MonoManager ReloadAssembly
Native extension for WindowsStandalone target not found
Native extension for WebGL target not found
Refreshing native plugins compatible for Editor in 0.87 ms, found 1 plugins.
Preloading 0 native plugins for Editor in 0.00 ms.
Invoked RoslynAnalysisRunner static constructor.
RoslynAnalysisRunner will not be running.
RoslynAnalysisRunner has terminated.
Mono: successfully reloaded assembly
- Completed reload, in  1.556 seconds
Platform modules already initialized, skipping
Refreshing native plugins compatible for Editor in 0.83 ms, found 1 plugins.
Preloading 0 native plugins for Editor in 0.00 ms.
Unloading 1797 Unused Serialized files (Serialized files now loaded: 0)
System memory in use before: 85.3 MB.
System memory in use after: 85.3 MB.

Unloading 12 unused Assets to reduce memory usage. Loaded Objects now: 2257.
Total: 4.182400 ms (FindLiveObjects: 0.421500 ms CreateObjectMapping: 0.107900 ms MarkObjects: 3.401500 ms  DeleteObjects: 0.248500 ms)

========================================================================
Received Import Request.
  Time since last request: 143.954517 seconds.
  path: Assets/Resources/BuyCarriagePanel.prefab
  artifactKey: Guid(0de52a4f3d27d214da4954c92f87c490) Importer(815301076,1909f56bfc062723c751e8b465ee728b)
Start importing Assets/Resources/BuyCarriagePanel.prefab using Guid(0de52a4f3d27d214da4954c92f87c490) Importer(815301076,1909f56bfc062723c751e8b465ee728b)  -> (artifact id: '672b8797ea5f0e3d7e1a0e0566933d87') in 0.167852 seconds
  Import took 0.174993 seconds .

