Using pre-set license
Built from '2020.2/release' branch; Version is '2020.2.1f1 (270dd8c3da1c) revision 2559448'; Using compiler version '192528614'; Build Type 'Release'
OS: 'Windows 10  (10.0.0) 64bit' Language: 'en' Physical Memory: 7983 MB
BatchMode: 1, IsHumanControllingUs: 0, StartBugReporterOnCrash: 0, Is64bit: 1, IsPro: 0

 COMMAND LINE ARGUMENTS:
C:\Program Files\Unity\Hub\Editor\2020.2.1f1\Editor\Unity.exe
-adb2
-batchMode
-noUpm
-name
AssetImportWorker0
-projectPath
C:/Users/Fayet/Documents/GitHub/TrainShelter/train shelter
-logFile
Logs/AssetImportWorker0.log
-srvPort
50532
Successfully changed project path to: C:/Users/Fayet/Documents/GitHub/TrainShelter/train shelter
C:/Users/Fayet/Documents/GitHub/TrainShelter/train shelter
Using Asset Import Pipeline V2.
Refreshing native plugins compatible for Editor in 69.67 ms, found 1 plugins.
Preloading 0 native plugins for Editor in 0.00 ms.
Initialize engine version: 2020.2.1f1 (270dd8c3da1c)
[Subsystems] Discovering subsystems at path C:/Program Files/Unity/Hub/Editor/2020.2.1f1/Editor/Data/Resources/UnitySubsystems
[Subsystems] Discovering subsystems at path C:/Users/Fayet/Documents/GitHub/TrainShelter/train shelter/Assets
GfxDevice: creating device client; threaded=0
Direct3D:
    Version:  Direct3D 11.0 [level 10.0]
    Renderer: Intel(R) HD Graphics (ID=0x46)
    Vendor:   
    VRAM:     128 MB
    Driver:   8.15.10.2900
Initialize mono
Mono path[0] = 'C:/Program Files/Unity/Hub/Editor/2020.2.1f1/Editor/Data/Managed'
Mono path[1] = 'C:/Program Files/Unity/Hub/Editor/2020.2.1f1/Editor/Data/MonoBleedingEdge/lib/mono/unityjit'
Mono config path = 'C:/Program Files/Unity/Hub/Editor/2020.2.1f1/Editor/Data/MonoBleedingEdge/etc'
Using monoOptions --debugger-agent=transport=dt_socket,embedding=1,server=y,suspend=n,address=127.0.0.1:56688
Begin MonoManager ReloadAssembly
Registering precompiled unity dll's ...
Register platform support module: C:/Program Files/Unity/Hub/Editor/2020.2.1f1/Editor/Data/PlaybackEngines/WebGLSupport/UnityEditor.WebGL.Extensions.dll
Register platform support module: C:/Program Files/Unity/Hub/Editor/2020.2.1f1/Editor/Data/PlaybackEngines/WindowsStandaloneSupport/UnityEditor.WindowsStandalone.Extensions.dll
Registered in 0.003201 seconds.
Native extension for WindowsStandalone target not found
Native extension for WebGL target not found
Refreshing native plugins compatible for Editor in 62.71 ms, found 1 plugins.
Preloading 0 native plugins for Editor in 0.00 ms.
Invoked RoslynAnalysisRunner static constructor.
RoslynAnalysisRunner will not be running.
RoslynAnalysisRunner has terminated.
Mono: successfully reloaded assembly
- Completed reload, in  3.500 seconds
Platform modules already initialized, skipping
Registering precompiled user dll's ...
Registered in 0.001869 seconds.
Begin MonoManager ReloadAssembly
Native extension for WindowsStandalone target not found
Native extension for WebGL target not found
Refreshing native plugins compatible for Editor in 64.70 ms, found 1 plugins.
Preloading 0 native plugins for Editor in 0.00 ms.
Invoked RoslynAnalysisRunner static constructor.
RoslynAnalysisRunner will not be running.
RoslynAnalysisRunner has terminated.
Mono: successfully reloaded assembly
- Completed reload, in  1.575 seconds
Platform modules already initialized, skipping
========================================================================
Worker process is ready to serve import requests
Launched and connected shader compiler UnityShaderCompiler.exe after 0.04 seconds
Refreshing native plugins compatible for Editor in 0.80 ms, found 1 plugins.
Preloading 0 native plugins for Editor in 0.00 ms.
Unloading 1812 Unused Serialized files (Serialized files now loaded: 0)
System memory in use before: 85.9 MB.
System memory in use after: 85.8 MB.

Unloading 24 unused Assets to reduce memory usage. Loaded Objects now: 2251.
Total: 4.195100 ms (FindLiveObjects: 0.390400 ms CreateObjectMapping: 0.112900 ms MarkObjects: 3.457500 ms  DeleteObjects: 0.231600 ms)

========================================================================
Received Import Request.
  path: Assets/Carriage.prefab
  artifactKey: Guid(0d77138d165bbb2408c7f45c0a619b87) Importer(815301076,1909f56bfc062723c751e8b465ee728b)
Start importing Assets/Carriage.prefab using Guid(0d77138d165bbb2408c7f45c0a619b87) Importer(815301076,1909f56bfc062723c751e8b465ee728b)  -> (artifact id: 'b24a6e60b712d67d5a3a17c18084ef35') in 0.248792 seconds
  Import took 0.256394 seconds .

========================================================================
Received Import Request.
  Time since last request: 0.133215 seconds.
  path: Assets/Carriage.prefab
  artifactKey: Guid(0d77138d165bbb2408c7f45c0a619b87) Importer(815301076,1909f56bfc062723c751e8b465ee728b)
Start importing Assets/Carriage.prefab using Guid(0d77138d165bbb2408c7f45c0a619b87) Importer(815301076,1909f56bfc062723c751e8b465ee728b)  -> (artifact id: 'b24a6e60b712d67d5a3a17c18084ef35') in 0.064513 seconds
  Import took 0.070655 seconds .

========================================================================
Received Prepare
Registering precompiled user dll's ...
Registered in 0.001840 seconds.
Begin MonoManager ReloadAssembly
Native extension for WindowsStandalone target not found
Native extension for WebGL target not found
Refreshing native plugins compatible for Editor in 0.82 ms, found 1 plugins.
Preloading 0 native plugins for Editor in 0.00 ms.
Invoked RoslynAnalysisRunner static constructor.
RoslynAnalysisRunner will not be running.
RoslynAnalysisRunner has terminated.
Mono: successfully reloaded assembly
- Completed reload, in  1.690 seconds
Platform modules already initialized, skipping
Refreshing native plugins compatible for Editor in 0.82 ms, found 1 plugins.
Preloading 0 native plugins for Editor in 0.00 ms.
Unloading 1796 Unused Serialized files (Serialized files now loaded: 0)
System memory in use before: 85.1 MB.
System memory in use after: 85.1 MB.

Unloading 13 unused Assets to reduce memory usage. Loaded Objects now: 2254.
Total: 5.756000 ms (FindLiveObjects: 0.607500 ms CreateObjectMapping: 0.127200 ms MarkObjects: 4.729600 ms  DeleteObjects: 0.288500 ms)

========================================================================
Received Import Request.
  Time since last request: 1649.353790 seconds.
  path: Assets/untitled.png
  artifactKey: Guid(06f530f3134253d41aa6a4f46162cd23) Importer(815301076,1909f56bfc062723c751e8b465ee728b)
Start importing Assets/untitled.png using Guid(06f530f3134253d41aa6a4f46162cd23) Importer(815301076,1909f56bfc062723c751e8b465ee728b)  -> (artifact id: 'a4fbf989f47dd81da679b84ed2dee5db') in 0.215752 seconds
  Import took 0.223022 seconds .

========================================================================
Received Import Request.
  Time since last request: 33.451489 seconds.
  path: Assets/untitled.png
  artifactKey: Guid(06f530f3134253d41aa6a4f46162cd23) Importer(815301076,1909f56bfc062723c751e8b465ee728b)
Start importing Assets/untitled.png using Guid(06f530f3134253d41aa6a4f46162cd23) Importer(815301076,1909f56bfc062723c751e8b465ee728b)  -> (artifact id: '145946309a73ef04b58ee287c00abb0d') in 0.078330 seconds
  Import took 0.085118 seconds .

========================================================================
Received Import Request.
  Time since last request: 10.929474 seconds.
  path: Assets/untitled.png
  artifactKey: Guid(06f530f3134253d41aa6a4f46162cd23) Importer(815301076,1909f56bfc062723c751e8b465ee728b)
Start importing Assets/untitled.png using Guid(06f530f3134253d41aa6a4f46162cd23) Importer(815301076,1909f56bfc062723c751e8b465ee728b)  -> (artifact id: '31fccd294a072ebeb30d37081cf91b5e') in 0.093575 seconds
  Import took 0.101171 seconds .

========================================================================
Received Prepare
Registering precompiled user dll's ...
Registered in 0.001856 seconds.
Begin MonoManager ReloadAssembly
Native extension for WindowsStandalone target not found
Native extension for WebGL target not found
Refreshing native plugins compatible for Editor in 0.82 ms, found 1 plugins.
Preloading 0 native plugins for Editor in 0.00 ms.
Invoked RoslynAnalysisRunner static constructor.
RoslynAnalysisRunner will not be running.
RoslynAnalysisRunner has terminated.
Mono: successfully reloaded assembly
- Completed reload, in  1.696 seconds
Platform modules already initialized, skipping
Refreshing native plugins compatible for Editor in 0.86 ms, found 1 plugins.
Preloading 0 native plugins for Editor in 0.00 ms.
Unloading 1797 Unused Serialized files (Serialized files now loaded: 0)
System memory in use before: 88.3 MB.
System memory in use after: 88.3 MB.

Unloading 12 unused Assets to reduce memory usage. Loaded Objects now: 2267.
Total: 3.835900 ms (FindLiveObjects: 0.352000 ms CreateObjectMapping: 0.107800 ms MarkObjects: 3.199700 ms  DeleteObjects: 0.173500 ms)

========================================================================
Received Import Request.
  Time since last request: 84.378687 seconds.
  path: Assets/CarriageDatabase.cs
  artifactKey: Guid(a0616dc7e38e30e41a5ff8d7b4e49d1e) Importer(815301076,1909f56bfc062723c751e8b465ee728b)
Start importing Assets/CarriageDatabase.cs using Guid(a0616dc7e38e30e41a5ff8d7b4e49d1e) Importer(815301076,1909f56bfc062723c751e8b465ee728b)  -> (artifact id: '83790b8b36c070b14b0bf5b002477215') in 0.042707 seconds
  Import took 0.049618 seconds .

========================================================================
Received Prepare
Registering precompiled user dll's ...
Registered in 0.001919 seconds.
Begin MonoManager ReloadAssembly
Native extension for WindowsStandalone target not found
Native extension for WebGL target not found
Refreshing native plugins compatible for Editor in 0.81 ms, found 1 plugins.
Preloading 0 native plugins for Editor in 0.00 ms.
Invoked RoslynAnalysisRunner static constructor.
RoslynAnalysisRunner will not be running.
RoslynAnalysisRunner has terminated.
Mono: successfully reloaded assembly
- Completed reload, in  1.518 seconds
Platform modules already initialized, skipping
Refreshing native plugins compatible for Editor in 0.81 ms, found 1 plugins.
Preloading 0 native plugins for Editor in 0.00 ms.
Unloading 1797 Unused Serialized files (Serialized files now loaded: 0)
System memory in use before: 88.4 MB.
System memory in use after: 88.4 MB.

Unloading 12 unused Assets to reduce memory usage. Loaded Objects now: 2270.
Total: 4.168500 ms (FindLiveObjects: 0.361300 ms CreateObjectMapping: 0.143500 ms MarkObjects: 3.477200 ms  DeleteObjects: 0.182500 ms)

========================================================================
Received Prepare
Registering precompiled user dll's ...
Registered in 0.001933 seconds.
Begin MonoManager ReloadAssembly
Native extension for WindowsStandalone target not found
Native extension for WebGL target not found
Refreshing native plugins compatible for Editor in 0.86 ms, found 1 plugins.
Preloading 0 native plugins for Editor in 0.00 ms.
Invoked RoslynAnalysisRunner static constructor.
RoslynAnalysisRunner will not be running.
RoslynAnalysisRunner has terminated.
Mono: successfully reloaded assembly
- Completed reload, in  1.772 seconds
Platform modules already initialized, skipping
Refreshing native plugins compatible for Editor in 0.84 ms, found 1 plugins.
Preloading 0 native plugins for Editor in 0.00 ms.
Unloading 1797 Unused Serialized files (Serialized files now loaded: 0)
System memory in use before: 88.5 MB.
System memory in use after: 88.5 MB.

Unloading 12 unused Assets to reduce memory usage. Loaded Objects now: 2273.
Total: 4.391800 ms (FindLiveObjects: 0.631200 ms CreateObjectMapping: 0.173300 ms MarkObjects: 3.381200 ms  DeleteObjects: 0.202900 ms)

========================================================================
Received Prepare
Registering precompiled user dll's ...
Registered in 0.002476 seconds.
Begin MonoManager ReloadAssembly
Native extension for WindowsStandalone target not found
Native extension for WebGL target not found
Refreshing native plugins compatible for Editor in 1.06 ms, found 1 plugins.
Preloading 0 native plugins for Editor in 0.00 ms.
Invoked RoslynAnalysisRunner static constructor.
RoslynAnalysisRunner will not be running.
RoslynAnalysisRunner has terminated.
Mono: successfully reloaded assembly
- Completed reload, in  1.757 seconds
Platform modules already initialized, skipping
Refreshing native plugins compatible for Editor in 0.83 ms, found 1 plugins.
Preloading 0 native plugins for Editor in 0.00 ms.
Unloading 1797 Unused Serialized files (Serialized files now loaded: 0)
System memory in use before: 88.6 MB.
System memory in use after: 88.6 MB.

Unloading 12 unused Assets to reduce memory usage. Loaded Objects now: 2276.
Total: 4.320500 ms (FindLiveObjects: 0.627400 ms CreateObjectMapping: 0.144400 ms MarkObjects: 3.345900 ms  DeleteObjects: 0.199600 ms)

========================================================================
Received Prepare
Registering precompiled user dll's ...
Registered in 0.002730 seconds.
Begin MonoManager ReloadAssembly
Native extension for WindowsStandalone target not found
Native extension for WebGL target not found
Refreshing native plugins compatible for Editor in 1.05 ms, found 1 plugins.
Preloading 0 native plugins for Editor in 0.00 ms.
Invoked RoslynAnalysisRunner static constructor.
RoslynAnalysisRunner will not be running.
RoslynAnalysisRunner has terminated.
Mono: successfully reloaded assembly
- Completed reload, in  2.926 seconds
Platform modules already initialized, skipping
Refreshing native plugins compatible for Editor in 1.03 ms, found 1 plugins.
Preloading 0 native plugins for Editor in 0.00 ms.
Unloading 1797 Unused Serialized files (Serialized files now loaded: 0)
System memory in use before: 88.6 MB.
System memory in use after: 88.6 MB.

Unloading 12 unused Assets to reduce memory usage. Loaded Objects now: 2279.
Total: 5.788300 ms (FindLiveObjects: 0.428500 ms CreateObjectMapping: 0.108500 ms MarkObjects: 4.901600 ms  DeleteObjects: 0.345900 ms)

========================================================================
Received Import Request.
  Time since last request: 953.963344 seconds.
  path: Assets/CarriageSprites.png
  artifactKey: Guid(06f530f3134253d41aa6a4f46162cd23) Importer(815301076,1909f56bfc062723c751e8b465ee728b)
Start importing Assets/CarriageSprites.png using Guid(06f530f3134253d41aa6a4f46162cd23) Importer(815301076,1909f56bfc062723c751e8b465ee728b)  -> (artifact id: '0b20cc58450def59651ab18261fa3b5a') in 0.163027 seconds
  Import took 0.170841 seconds .

========================================================================
Received Import Request.
  Time since last request: 11.765507 seconds.
  path: Assets/untitled (1).png
  artifactKey: Guid(d7d8fbe366e87604489f127c58dc81c2) Importer(815301076,1909f56bfc062723c751e8b465ee728b)
Start importing Assets/untitled (1).png using Guid(d7d8fbe366e87604489f127c58dc81c2) Importer(815301076,1909f56bfc062723c751e8b465ee728b)  -> (artifact id: 'efc1b998605f20d8f8c405fcf28b02e2') in 0.082364 seconds
  Import took 0.090013 seconds .

========================================================================
Received Import Request.
  Time since last request: 5.308865 seconds.
  path: Assets/ItemSprites.png
  artifactKey: Guid(d7d8fbe366e87604489f127c58dc81c2) Importer(815301076,1909f56bfc062723c751e8b465ee728b)
Start importing Assets/ItemSprites.png using Guid(d7d8fbe366e87604489f127c58dc81c2) Importer(815301076,1909f56bfc062723c751e8b465ee728b)  -> (artifact id: '81be78dc414545c6472fc90f02a78382') in 0.068104 seconds
  Import took 0.076121 seconds .

========================================================================
Received Import Request.
  Time since last request: 8.430536 seconds.
  path: Assets/ItemSprites.png
  artifactKey: Guid(d7d8fbe366e87604489f127c58dc81c2) Importer(815301076,1909f56bfc062723c751e8b465ee728b)
Start importing Assets/ItemSprites.png using Guid(d7d8fbe366e87604489f127c58dc81c2) Importer(815301076,1909f56bfc062723c751e8b465ee728b)  -> (artifact id: 'bfd754f138808ae4bdc107aa78f5645f') in 0.054481 seconds
  Import took 0.062201 seconds .

========================================================================
Received Import Request.
  Time since last request: 0.081373 seconds.
  path: Assets/ItemSprites.png
  artifactKey: Guid(d7d8fbe366e87604489f127c58dc81c2) Importer(815301076,1909f56bfc062723c751e8b465ee728b)
Start importing Assets/ItemSprites.png using Guid(d7d8fbe366e87604489f127c58dc81c2) Importer(815301076,1909f56bfc062723c751e8b465ee728b)  -> (artifact id: 'bfd754f138808ae4bdc107aa78f5645f') in 0.117173 seconds
  Import took 0.126606 seconds .

========================================================================
Received Import Request.
  Time since last request: 6.127065 seconds.
  path: Assets/ItemSprites.png
  artifactKey: Guid(d7d8fbe366e87604489f127c58dc81c2) Importer(815301076,1909f56bfc062723c751e8b465ee728b)
Start importing Assets/ItemSprites.png using Guid(d7d8fbe366e87604489f127c58dc81c2) Importer(815301076,1909f56bfc062723c751e8b465ee728b)  -> (artifact id: '4922e370158e7df228ca82b56e4c5d76') in 0.116254 seconds
  Import took 0.125101 seconds .

========================================================================
Received Import Request.
  Time since last request: 93.745254 seconds.
  path: Assets/Carriage Types/Database.asset
  artifactKey: Guid(40bd582b8a6439b42ac597077d922402) Importer(815301076,1909f56bfc062723c751e8b465ee728b)
Start importing Assets/Carriage Types/Database.asset using Guid(40bd582b8a6439b42ac597077d922402) Importer(815301076,1909f56bfc062723c751e8b465ee728b)  -> (artifact id: 'f8db17f279d2d966ffa66cfca2c25463') in 0.022378 seconds
  Import took 0.029694 seconds .

========================================================================
Received Import Request.
  Time since last request: 16.829347 seconds.
  path: Assets/ItemDatabase.cs
  artifactKey: Guid(bd9fb725f01551041b2e4536da5e293b) Importer(815301076,1909f56bfc062723c751e8b465ee728b)
Start importing Assets/ItemDatabase.cs using Guid(bd9fb725f01551041b2e4536da5e293b) Importer(815301076,1909f56bfc062723c751e8b465ee728b)  -> (artifact id: '0ab6fc39eb26a184c1259fb65ec11f21') in 0.058447 seconds
  Import took 0.080954 seconds .

========================================================================
Received Prepare
Registering precompiled user dll's ...
Registered in 0.002232 seconds.
Begin MonoManager ReloadAssembly
Native extension for WindowsStandalone target not found
Native extension for WebGL target not found
Refreshing native plugins compatible for Editor in 0.87 ms, found 1 plugins.
Preloading 0 native plugins for Editor in 0.00 ms.
Invoked RoslynAnalysisRunner static constructor.
RoslynAnalysisRunner will not be running.
RoslynAnalysisRunner has terminated.
Mono: successfully reloaded assembly
- Completed reload, in  1.628 seconds
Platform modules already initialized, skipping
Refreshing native plugins compatible for Editor in 2.21 ms, found 1 plugins.
Preloading 0 native plugins for Editor in 0.00 ms.
Unloading 1798 Unused Serialized files (Serialized files now loaded: 0)
System memory in use before: 88.7 MB.
System memory in use after: 88.7 MB.

Unloading 12 unused Assets to reduce memory usage. Loaded Objects now: 2286.
Total: 5.028300 ms (FindLiveObjects: 0.366600 ms CreateObjectMapping: 0.108300 ms MarkObjects: 4.270800 ms  DeleteObjects: 0.279200 ms)

========================================================================
Received Prepare
Registering precompiled user dll's ...
Registered in 0.001911 seconds.
Begin MonoManager ReloadAssembly
Native extension for WindowsStandalone target not found
Native extension for WebGL target not found
Refreshing native plugins compatible for Editor in 0.84 ms, found 1 plugins.
Preloading 0 native plugins for Editor in 0.00 ms.
Invoked RoslynAnalysisRunner static constructor.
RoslynAnalysisRunner will not be running.
RoslynAnalysisRunner has terminated.
Mono: successfully reloaded assembly
- Completed reload, in  1.517 seconds
Platform modules already initialized, skipping
Refreshing native plugins compatible for Editor in 0.88 ms, found 1 plugins.
Preloading 0 native plugins for Editor in 0.00 ms.
Unloading 1798 Unused Serialized files (Serialized files now loaded: 0)
System memory in use before: 88.8 MB.
System memory in use after: 88.8 MB.

Unloading 12 unused Assets to reduce memory usage. Loaded Objects now: 2289.
Total: 4.185400 ms (FindLiveObjects: 0.357200 ms CreateObjectMapping: 0.113200 ms MarkObjects: 3.522400 ms  DeleteObjects: 0.189400 ms)

========================================================================
Received Import Request.
  Time since last request: 147.032685 seconds.
  path: Assets/ItemDatabase.cs
  artifactKey: Guid(bd9fb725f01551041b2e4536da5e293b) Importer(815301076,1909f56bfc062723c751e8b465ee728b)
Start importing Assets/ItemDatabase.cs using Guid(bd9fb725f01551041b2e4536da5e293b) Importer(815301076,1909f56bfc062723c751e8b465ee728b)  -> (artifact id: '948b1776afd52aa7b43f054b3f2554fc') in 0.011424 seconds
  Import took 0.017640 seconds .

========================================================================
Received Import Request.
  Time since last request: 17.728961 seconds.
  path: Assets/GameManager.cs
  artifactKey: Guid(342283c3556ebe74fb476d49071552b1) Importer(815301076,1909f56bfc062723c751e8b465ee728b)
Start importing Assets/GameManager.cs using Guid(342283c3556ebe74fb476d49071552b1) Importer(815301076,1909f56bfc062723c751e8b465ee728b)  -> (artifact id: 'f276a294eb2e504af831bf19e5d776d9') in 0.019722 seconds
  Import took 0.026360 seconds .

========================================================================
Received Import Request.
  Time since last request: 0.000853 seconds.
  path: Assets/GameManager.cs
  artifactKey: Guid(342283c3556ebe74fb476d49071552b1) Importer(815301076,1909f56bfc062723c751e8b465ee728b)
Start importing Assets/GameManager.cs using Guid(342283c3556ebe74fb476d49071552b1) Importer(815301076,1909f56bfc062723c751e8b465ee728b)  -> (artifact id: 'f276a294eb2e504af831bf19e5d776d9') in 0.007054 seconds
  Import took 0.014695 seconds .

========================================================================
Received Prepare
Registering precompiled user dll's ...
Registered in 0.003573 seconds.
Begin MonoManager ReloadAssembly
Native extension for WindowsStandalone target not found
Native extension for WebGL target not found
Refreshing native plugins compatible for Editor in 0.82 ms, found 1 plugins.
Preloading 0 native plugins for Editor in 0.00 ms.
Invoked RoslynAnalysisRunner static constructor.
RoslynAnalysisRunner will not be running.
RoslynAnalysisRunner has terminated.
Mono: successfully reloaded assembly
- Completed reload, in  1.531 seconds
Platform modules already initialized, skipping
Refreshing native plugins compatible for Editor in 0.82 ms, found 1 plugins.
Preloading 0 native plugins for Editor in 0.00 ms.
Unloading 1798 Unused Serialized files (Serialized files now loaded: 0)
System memory in use before: 88.9 MB.
System memory in use after: 88.9 MB.

Unloading 12 unused Assets to reduce memory usage. Loaded Objects now: 2292.
Total: 3.907600 ms (FindLiveObjects: 0.360200 ms CreateObjectMapping: 0.103400 ms MarkObjects: 3.252000 ms  DeleteObjects: 0.189000 ms)

========================================================================
Received Import Request.
  Time since last request: 264.424507 seconds.
  path: Assets/GameManager.cs
  artifactKey: Guid(342283c3556ebe74fb476d49071552b1) Importer(815301076,1909f56bfc062723c751e8b465ee728b)
Start importing Assets/GameManager.cs using Guid(342283c3556ebe74fb476d49071552b1) Importer(815301076,1909f56bfc062723c751e8b465ee728b)  -> (artifact id: 'f625615ad411cb640d0b42c6b07efc25') in 0.011274 seconds
  Import took 0.017411 seconds .

========================================================================
Received Prepare
Registering precompiled user dll's ...
Registered in 0.001913 seconds.
Begin MonoManager ReloadAssembly
Native extension for WindowsStandalone target not found
Native extension for WebGL target not found
Refreshing native plugins compatible for Editor in 0.83 ms, found 1 plugins.
Preloading 0 native plugins for Editor in 0.00 ms.
Invoked RoslynAnalysisRunner static constructor.
RoslynAnalysisRunner will not be running.
RoslynAnalysisRunner has terminated.
Mono: successfully reloaded assembly
- Completed reload, in  1.709 seconds
Platform modules already initialized, skipping
Refreshing native plugins compatible for Editor in 0.87 ms, found 1 plugins.
Preloading 0 native plugins for Editor in 0.00 ms.
Unloading 1798 Unused Serialized files (Serialized files now loaded: 0)
System memory in use before: 89.0 MB.
System memory in use after: 89.0 MB.

Unloading 12 unused Assets to reduce memory usage. Loaded Objects now: 2295.
Total: 4.299200 ms (FindLiveObjects: 0.386300 ms CreateObjectMapping: 0.102800 ms MarkObjects: 3.613600 ms  DeleteObjects: 0.194100 ms)

========================================================================
Received Import Request.
  Time since last request: 87.172598 seconds.
  path: Assets/Carriage Types/CarriagesDatabase.asset
  artifactKey: Guid(40bd582b8a6439b42ac597077d922402) Importer(815301076,1909f56bfc062723c751e8b465ee728b)
Start importing Assets/Carriage Types/CarriagesDatabase.asset using Guid(40bd582b8a6439b42ac597077d922402) Importer(815301076,1909f56bfc062723c751e8b465ee728b)  -> (artifact id: 'b58e69580961f1fd2aa50c1451c16070') in 0.054692 seconds
  Import took 0.063559 seconds .

========================================================================
Received Import Request.
  Time since last request: 15.161954 seconds.
  path: Assets/Carriage Types/ItemsDatabase.asset
  artifactKey: Guid(d796411f59bd20b4c9d491ec0e91b514) Importer(815301076,1909f56bfc062723c751e8b465ee728b)
Start importing Assets/Carriage Types/ItemsDatabase.asset using Guid(d796411f59bd20b4c9d491ec0e91b514) Importer(815301076,1909f56bfc062723c751e8b465ee728b)  -> (artifact id: '005687413c94c6ff9a684c8d02aae7c0') in 0.018484 seconds
  Import took 0.026869 seconds .

========================================================================
Received Prepare
Registering precompiled user dll's ...
Registered in 0.002561 seconds.
Begin MonoManager ReloadAssembly
Native extension for WindowsStandalone target not found
Native extension for WebGL target not found
Refreshing native plugins compatible for Editor in 0.93 ms, found 1 plugins.
Preloading 0 native plugins for Editor in 0.00 ms.
Invoked RoslynAnalysisRunner static constructor.
RoslynAnalysisRunner will not be running.
RoslynAnalysisRunner has terminated.
Mono: successfully reloaded assembly
- Completed reload, in  1.675 seconds
Platform modules already initialized, skipping
Refreshing native plugins compatible for Editor in 0.85 ms, found 1 plugins.
Preloading 0 native plugins for Editor in 0.00 ms.
Unloading 1798 Unused Serialized files (Serialized files now loaded: 0)
System memory in use before: 89.0 MB.
System memory in use after: 89.0 MB.

Unloading 12 unused Assets to reduce memory usage. Loaded Objects now: 2298.
Total: 3.811600 ms (FindLiveObjects: 0.356800 ms CreateObjectMapping: 0.102800 ms MarkObjects: 3.094000 ms  DeleteObjects: 0.255100 ms)

========================================================================
Received Import Request.
  Time since last request: 51.294759 seconds.
  path: Assets/Carriage Types/ItemsDatabase.asset
  artifactKey: Guid(d796411f59bd20b4c9d491ec0e91b514) Importer(815301076,1909f56bfc062723c751e8b465ee728b)
Start importing Assets/Carriage Types/ItemsDatabase.asset using Guid(d796411f59bd20b4c9d491ec0e91b514) Importer(815301076,1909f56bfc062723c751e8b465ee728b)  -> (artifact id: '6217533f0ff232fc1c221c110373d19e') in 0.042772 seconds
  Import took 0.051450 seconds .

========================================================================
Received Import Request.
  Time since last request: 2.495850 seconds.
  path: Assets/Carriage Types/CarriagesDatabase.asset
  artifactKey: Guid(40bd582b8a6439b42ac597077d922402) Importer(815301076,1909f56bfc062723c751e8b465ee728b)
Start importing Assets/Carriage Types/CarriagesDatabase.asset using Guid(40bd582b8a6439b42ac597077d922402) Importer(815301076,1909f56bfc062723c751e8b465ee728b)  -> (artifact id: 'b175152007fa6ec13b160b59a1422fca') in 0.015653 seconds
  Import took 0.023118 seconds .

========================================================================
Received Import Request.
  Time since last request: 7.433565 seconds.
  path: Assets/Scriptable Objects
  artifactKey: Guid(e5f0c1e9087a92246ab63438986d7d60) Importer(815301076,1909f56bfc062723c751e8b465ee728b)
Start importing Assets/Scriptable Objects using Guid(e5f0c1e9087a92246ab63438986d7d60) Importer(815301076,1909f56bfc062723c751e8b465ee728b)  -> (artifact id: '07c59cba3ff60cb442c144d01796c4fb') in 0.022937 seconds
  Import took 0.032461 seconds .

========================================================================
Received Prepare
Registering precompiled user dll's ...
Registered in 0.002011 seconds.
Begin MonoManager ReloadAssembly
Native extension for WindowsStandalone target not found
Native extension for WebGL target not found
Refreshing native plugins compatible for Editor in 0.92 ms, found 1 plugins.
Preloading 0 native plugins for Editor in 0.00 ms.
Invoked RoslynAnalysisRunner static constructor.
RoslynAnalysisRunner will not be running.
RoslynAnalysisRunner has terminated.
Mono: successfully reloaded assembly
- Completed reload, in  1.790 seconds
Platform modules already initialized, skipping
Refreshing native plugins compatible for Editor in 0.84 ms, found 1 plugins.
Preloading 0 native plugins for Editor in 0.00 ms.
Unloading 1798 Unused Serialized files (Serialized files now loaded: 0)
System memory in use before: 89.1 MB.
System memory in use after: 89.1 MB.

Unloading 12 unused Assets to reduce memory usage. Loaded Objects now: 2301.
Total: 5.605500 ms (FindLiveObjects: 0.370200 ms CreateObjectMapping: 0.108300 ms MarkObjects: 4.364600 ms  DeleteObjects: 0.759400 ms)

========================================================================
Received Prepare
Registering precompiled user dll's ...
Registered in 0.002763 seconds.
Begin MonoManager ReloadAssembly
Native extension for WindowsStandalone target not found
Native extension for WebGL target not found
Refreshing native plugins compatible for Editor in 1.11 ms, found 1 plugins.
Preloading 0 native plugins for Editor in 0.00 ms.
Invoked RoslynAnalysisRunner static constructor.
RoslynAnalysisRunner will not be running.
RoslynAnalysisRunner has terminated.
Mono: successfully reloaded assembly
- Completed reload, in  1.836 seconds
Platform modules already initialized, skipping
Refreshing native plugins compatible for Editor in 1.05 ms, found 1 plugins.
Preloading 0 native plugins for Editor in 0.00 ms.
Unloading 1798 Unused Serialized files (Serialized files now loaded: 0)
System memory in use before: 89.2 MB.
System memory in use after: 89.2 MB.

Unloading 12 unused Assets to reduce memory usage. Loaded Objects now: 2304.
Total: 4.132700 ms (FindLiveObjects: 0.544300 ms CreateObjectMapping: 0.128000 ms MarkObjects: 3.241500 ms  DeleteObjects: 0.216100 ms)

========================================================================
Received Import Request.
  Time since last request: 183.372984 seconds.
  path: Assets/Carriage.prefab
  artifactKey: Guid(0d77138d165bbb2408c7f45c0a619b87) Importer(815301076,1909f56bfc062723c751e8b465ee728b)
Start importing Assets/Carriage.prefab using Guid(0d77138d165bbb2408c7f45c0a619b87) Importer(815301076,1909f56bfc062723c751e8b465ee728b)  -> (artifact id: 'dedafc7e009af6a479e3423ab1df3b1d') in 0.187617 seconds
  Import took 0.195414 seconds .

========================================================================
Received Import Request.
  Time since last request: 12.087077 seconds.
  path: Assets/Carriage.prefab
  artifactKey: Guid(0d77138d165bbb2408c7f45c0a619b87) Importer(815301076,1909f56bfc062723c751e8b465ee728b)
Start importing Assets/Carriage.prefab using Guid(0d77138d165bbb2408c7f45c0a619b87) Importer(815301076,1909f56bfc062723c751e8b465ee728b)  -> (artifact id: 'a273fc1b5aa00c18b1ac5515222461e3') in 0.069413 seconds
  Import took 0.077532 seconds .

========================================================================
Received Prepare
Registering precompiled user dll's ...
Registered in 0.002880 seconds.
Begin MonoManager ReloadAssembly
Native extension for WindowsStandalone target not found
Native extension for WebGL target not found
Refreshing native plugins compatible for Editor in 0.83 ms, found 1 plugins.
Preloading 0 native plugins for Editor in 0.00 ms.
Invoked RoslynAnalysisRunner static constructor.
RoslynAnalysisRunner will not be running.
RoslynAnalysisRunner has terminated.
Mono: successfully reloaded assembly
- Completed reload, in  1.627 seconds
Platform modules already initialized, skipping
Refreshing native plugins compatible for Editor in 0.83 ms, found 1 plugins.
Preloading 0 native plugins for Editor in 0.00 ms.
Unloading 1798 Unused Serialized files (Serialized files now loaded: 0)
System memory in use before: 89.3 MB.
System memory in use after: 89.3 MB.

Unloading 13 unused Assets to reduce memory usage. Loaded Objects now: 2307.
Total: 3.844300 ms (FindLiveObjects: 0.375200 ms CreateObjectMapping: 0.116600 ms MarkObjects: 3.141600 ms  DeleteObjects: 0.208200 ms)

AssetImportWorkerClient::OnTransportError - code=2 error=End of file
